


ARM Macro Assembler    Page 1 


    1 00000000         ; ce programme est pour l'assembleur RealView (Keil)
    2 00000000                 thumb
    3 00000000         
    4 00000000                 include          etat.inc
    1 00000000         ;typedef struct {
    2 00000000         ;int position;  // 0
    3 00000000         ;int taille;  // 4
    4 00000000         ;void * son;  // 8
    5 00000000         ;int resolution; // 12
    6 00000000         ;int periode_ticks; // 16
    7 00000000         ;} type_etat;
    8 00000000         
    9 00000000         ;/*
   10 00000000 00000000 
                       E_POS   equ              0
   11 00000000 00000004 
                       E_TAI   equ              4
   12 00000000 00000008 
                       E_SON   equ              8
   13 00000000 0000000C 
                       E_RES   equ              12
   14 00000000 00000010 
                       E_PER   equ              16
   15 00000000                 end
    5 00000000         
    6 00000000                 extern           StructSon
    7 00000000                 extern           Position
    8 00000000         
    9 00000000 4000043C 
                       TIM3_CCR3
                               equ              0x4000043C  ; adresse registre 
                                                            PWM
   10 00000000         
   11 00000000                 area             moncode, code, readonly
   12 00000000                 export           callback
   13 00000000         ;
   14 00000000         callback
                               proc
   15 00000000 4810            ldr              r0,=StructSon ; on charge la va
                                                            leur de la structur
                                                            e son
   16 00000002 4911            ldr              r1, =TIM3_CCR3
   17 00000004 6802            ldr              r2,[r0]     ;la valeur du premi
                                                            er champ:position
   18 00000006 6843            ldr              r3,[r0, #E_TAI] ;la valeur du s
                                                            econd champ : taill
                                                            e
   19 00000008 429A            cmp              r2,r3       ;on continue si pos
                                                            ition < taille
   20 0000000A D213            bhs              silence
   21 0000000C B410            push             {r4}
   22 0000000E B420            push             {r5}
   23 00000010 6884            ldr              r4, [r0,#E_SON]
   24 00000012 F934 C012       ldrsh            r12 ,[r4, r2, LSL #1]
   25 00000016 F50C 4C00       add              r12, #0x8000 ;
   26 0000001A 68C5            ldr              r5, [r0, #E_RES]
   27 0000001C FB0C FC05       mul              r12,r5
   28 00000020 EA4F 4C1C       lsr              r12,#16
   29 00000024 F102 0201       add              r2,#1       ;on ajoute 1



ARM Macro Assembler    Page 2 


   30 00000028 6002            str              r2,[r0]
   31 0000002A F8C1 C000       str              r12,[r1]
   32 0000002E BC20            pop              {r5}
   33 00000030 BC10            pop{r4}                      ;
   34 00000032 E006            b                fin
   35 00000034         
   36 00000034 F8D0 C00C 
                       silence ldr              r12, [r0, #E_RES]
   37 00000038 EA4F 0C5C       lsr              r12, #1
   38 0000003C F8C1 C000       str              r12,[r1]
   39 00000040 E7FF            B                fin
   40 00000042         
   41 00000042 4770    fin     bx               lr          ; dernière instruct
                                                            ion de la fonction
   42 00000044                 endp
   43 00000044         ;
   44 00000044                 end
              00000000 
              4000043C 
Command Line: --debug --xref --diag_suppress=9931 --cpu=Cortex-M3 --apcs=interw
ork --depend=.\obj\callback.d -o.\obj\callback.o -I.\RTE\_Simu -IC:\Keil_v5\ARM
\PACK\ARM\CMSIS\5.3.0\CMSIS\Include -IC:\Keil_v5\ARM\PACK\Keil\STM32F1xx_DFP\2.
2.0\Device\Include --predefine="__EVAL SETA 1" --predefine="__MICROLIB SETA 1" 
--predefine="__UVISION_VERSION SETA 525" --predefine="_RTE_ SETA 1" --predefine
="STM32F10X_MD SETA 1" --list=callback.lst callback.s



ARM Macro Assembler    Page 1 Alphabetic symbol ordering
Relocatable symbols

callback 00000000

Symbol: callback
   Definitions
      At line 14 in file callback.s
   Uses
      At line 12 in file callback.s
Comment: callback used once
fin 00000042

Symbol: fin
   Definitions
      At line 41 in file callback.s
   Uses
      At line 34 in file callback.s
      At line 39 in file callback.s

moncode 00000000

Symbol: moncode
   Definitions
      At line 11 in file callback.s
   Uses
      None
Comment: moncode unused
silence 00000034

Symbol: silence
   Definitions
      At line 36 in file callback.s
   Uses
      At line 20 in file callback.s
Comment: silence used once
4 symbols



ARM Macro Assembler    Page 1 Alphabetic symbol ordering
Absolute symbols

E_PER 00000010

Symbol: E_PER
   Definitions
      At line 14 in file etat.inc
   Uses
      None
Comment: E_PER unused
E_POS 00000000

Symbol: E_POS
   Definitions
      At line 10 in file etat.inc
   Uses
      None
Comment: E_POS unused
E_RES 0000000C

Symbol: E_RES
   Definitions
      At line 13 in file etat.inc
   Uses
      At line 26 in file callback.s
      At line 36 in file callback.s

E_SON 00000008

Symbol: E_SON
   Definitions
      At line 12 in file etat.inc
   Uses
      At line 23 in file callback.s
Comment: E_SON used once
E_TAI 00000004

Symbol: E_TAI
   Definitions
      At line 11 in file etat.inc
   Uses
      At line 18 in file callback.s
Comment: E_TAI used once
TIM3_CCR3 4000043C

Symbol: TIM3_CCR3
   Definitions
      At line 9 in file callback.s
   Uses
      At line 16 in file callback.s
Comment: TIM3_CCR3 used once
6 symbols



ARM Macro Assembler    Page 1 Alphabetic symbol ordering
External symbols

Position 00000000

Symbol: Position
   Definitions
      At line 7 in file callback.s
   Uses
      None
Comment: Position unused
StructSon 00000000

Symbol: StructSon
   Definitions
      At line 6 in file callback.s
   Uses
      At line 15 in file callback.s
Comment: StructSon used once
2 symbols
349 symbols in table
