


ARM Macro Assembler    Page 1 


    1 00000000                 AREA             Signal, DATA, READONLY
    2 00000000                 export           TabSig
    3 00000000         ; fonction cosinus, frequence relative 1, phase -90 degr
                       es, amplitude max
    4 00000000         ; valeurs attendues pour k = 1 :
    5 00000000         ; Re 0xFFFFF800 env 0
    6 00000000         ; Im 0x7FFFD135 env +2^31
    7 00000000         ; M2 0x3FFFD135 env 2^30
    8 00000000         ; pour 1 > k > 63
    9 00000000         ; M2    < 0x0000000F
   10 00000000         
   11 00000000         TabSig
   12 00000000 00 08           dcw              0x0800      ;  0   2048  0.5000
                                                            0
   13 00000002 C9 08           dcw              0x08c9      ;  1   2249  0.5490
                                                            7
   14 00000004 90 09           dcw              0x0990      ;  2   2448  0.5976
                                                            6
   15 00000006 53 0A           dcw              0x0a53      ;  3   2643  0.6452
                                                            6
   16 00000008 10 0B           dcw              0x0b10      ;  4   2832  0.6914
                                                            1
   17 0000000A C5 0B           dcw              0x0bc5      ;  5   3013  0.7356
                                                            0
   18 0000000C 72 0C           dcw              0x0c72      ;  6   3186  0.7778
                                                            3
   19 0000000E 13 0D           dcw              0x0d13      ;  7   3347  0.8171
                                                            4
   20 00000010 A8 0D           dcw              0x0da8      ;  8   3496  0.8535
                                                            2
   21 00000012 2F 0E           dcw              0x0e2f      ;  9   3631  0.8864
                                                            7
   22 00000014 A7 0E           dcw              0x0ea7      ; 10   3751  0.9157
                                                            7
   23 00000016 0E 0F           dcw              0x0f0e      ; 11   3854  0.9409
                                                            2
   24 00000018 64 0F           dcw              0x0f64      ; 12   3940  0.9619
                                                            1
   25 0000001A A8 0F           dcw              0x0fa8      ; 13   4008  0.9785
                                                            2
   26 0000001C D9 0F           dcw              0x0fd9      ; 14   4057  0.9904
                                                            8
   27 0000001E F6 0F           dcw              0x0ff6      ; 15   4086  0.9975
                                                            6
   28 00000020 FF 0F           dcw              0x0fff      ; 16   4095  0.9997
                                                            6
   29 00000022 F6 0F           dcw              0x0ff6      ; 17   4086  0.9975
                                                            6
   30 00000024 D9 0F           dcw              0x0fd9      ; 18   4057  0.9904
                                                            8
   31 00000026 A8 0F           dcw              0x0fa8      ; 19   4008  0.9785
                                                            2
   32 00000028 64 0F           dcw              0x0f64      ; 20   3940  0.9619
                                                            1
   33 0000002A 0E 0F           dcw              0x0f0e      ; 21   3854  0.9409
                                                            2
   34 0000002C A7 0E           dcw              0x0ea7      ; 22   3751  0.9157
                                                            7
   35 0000002E 2F 0E           dcw              0x0e2f      ; 23   3631  0.8864



ARM Macro Assembler    Page 2 


                                                            7
   36 00000030 A8 0D           dcw              0x0da8      ; 24   3496  0.8535
                                                            2
   37 00000032 13 0D           dcw              0x0d13      ; 25   3347  0.8171
                                                            4
   38 00000034 72 0C           dcw              0x0c72      ; 26   3186  0.7778
                                                            3
   39 00000036 C5 0B           dcw              0x0bc5      ; 27   3013  0.7356
                                                            0
   40 00000038 10 0B           dcw              0x0b10      ; 28   2832  0.6914
                                                            1
   41 0000003A 53 0A           dcw              0x0a53      ; 29   2643  0.6452
                                                            6
   42 0000003C 90 09           dcw              0x0990      ; 30   2448  0.5976
                                                            6
   43 0000003E C9 08           dcw              0x08c9      ; 31   2249  0.5490
                                                            7
   44 00000040 00 08           dcw              0x0800      ; 32   2048  0.5000
                                                            0
   45 00000042 37 07           dcw              0x0737      ; 33   1847  0.4509
                                                            3
   46 00000044 70 06           dcw              0x0670      ; 34   1648  0.4023
                                                            4
   47 00000046 AD 05           dcw              0x05ad      ; 35   1453  0.3547
                                                            4
   48 00000048 F0 04           dcw              0x04f0      ; 36   1264  0.3085
                                                            9
   49 0000004A 3B 04           dcw              0x043b      ; 37   1083  0.2644
                                                            0
   50 0000004C 8E 03           dcw              0x038e      ; 38    910  0.2221
                                                            7
   51 0000004E ED 02           dcw              0x02ed      ; 39    749  0.1828
                                                            6
   52 00000050 58 02           dcw              0x0258      ; 40    600  0.1464
                                                            8
   53 00000052 D1 01           dcw              0x01d1      ; 41    465  0.1135
                                                            3
   54 00000054 59 01           dcw              0x0159      ; 42    345  0.0842
                                                            3
   55 00000056 F2 00           dcw              0x00f2      ; 43    242  0.0590
                                                            8
   56 00000058 9C 00           dcw              0x009c      ; 44    156  0.0380
                                                            9
   57 0000005A 58 00           dcw              0x0058      ; 45     88  0.0214
                                                            8
   58 0000005C 27 00           dcw              0x0027      ; 46     39  0.0095
                                                            2
   59 0000005E 0A 00           dcw              0x000a      ; 47     10  0.0024
                                                            4
   60 00000060 00 00           dcw              0x0000      ; 48      0  0.0000
                                                            0
   61 00000062 0A 00           dcw              0x000a      ; 49     10  0.0024
                                                            4
   62 00000064 27 00           dcw              0x0027      ; 50     39  0.0095
                                                            2
   63 00000066 58 00           dcw              0x0058      ; 51     88  0.0214
                                                            8
   64 00000068 9C 00           dcw              0x009c      ; 52    156  0.0380
                                                            9



ARM Macro Assembler    Page 3 


   65 0000006A F2 00           dcw              0x00f2      ; 53    242  0.0590
                                                            8
   66 0000006C 59 01           dcw              0x0159      ; 54    345  0.0842
                                                            3
   67 0000006E D1 01           dcw              0x01d1      ; 55    465  0.1135
                                                            3
   68 00000070 58 02           dcw              0x0258      ; 56    600  0.1464
                                                            8
   69 00000072 ED 02           dcw              0x02ed      ; 57    749  0.1828
                                                            6
   70 00000074 8E 03           dcw              0x038e      ; 58    910  0.2221
                                                            7
   71 00000076 3B 04           dcw              0x043b      ; 59   1083  0.2644
                                                            0
   72 00000078 F0 04           dcw              0x04f0      ; 60   1264  0.3085
                                                            9
   73 0000007A AD 05           dcw              0x05ad      ; 61   1453  0.3547
                                                            4
   74 0000007C 70 06           dcw              0x0670      ; 62   1648  0.4023
                                                            4
   75 0000007E 37 07           dcw              0x0737      ; 63   1847  0.4509
                                                            3
   76 00000080                 end
Command Line: --debug --xref --diag_suppress=9931 --cpu=Cortex-M3 --apcs=interw
ork --depend=.\obj\t01f1p90.d -o.\obj\t01f1p90.o -I.\RTE\_Simu -IC:\Keil_v5\ARM
\PACK\ARM\CMSIS\5.3.0\CMSIS\Include -IC:\Keil_v5\ARM\PACK\Keil\STM32F1xx_DFP\2.
2.0\Device\Include --predefine="__EVAL SETA 1" --predefine="__MICROLIB SETA 1" 
--predefine="__UVISION_VERSION SETA 525" --predefine="_RTE_ SETA 1" --predefine
="STM32F10X_MD SETA 1" --list=t01f1p90.lst t01f1p90.asm



ARM Macro Assembler    Page 1 Alphabetic symbol ordering
Relocatable symbols

Signal 00000000

Symbol: Signal
   Definitions
      At line 1 in file t01f1p90.asm
   Uses
      None
Comment: Signal unused
TabSig 00000000

Symbol: TabSig
   Definitions
      At line 11 in file t01f1p90.asm
   Uses
      At line 2 in file t01f1p90.asm
Comment: TabSig used once
2 symbols
337 symbols in table
