


ARM Macro Assembler    Page 1 


    1 00000000                 AREA             Signal, DATA, READONLY
    2 00000000                 export           TabSig
    3 00000000         ; fonction cosinus, frequence relative 1, phase -135 deg
                       res, amplitude max
    4 00000000         ; valeurs attendues pour k = 1 :
    5 00000000         ; Re 0xA57D99D4 env -2^30.5 (sqrt(2) * 2^30)
    6 00000000         ; Im 0x5A82562C env +2^30.5 (sqrt(2) * 2^30)
    7 00000000         ; M2 0x3FFFD935 env 2^30
    8 00000000         ; pour 1 > k > 63
    9 00000000         ; M2    < 0x0000000F
   10 00000000         
   11 00000000         TabSig
   12 00000000 58 02           dcw              0x0258      ;  0    600  0.1464
                                                            8
   13 00000002 ED 02           dcw              0x02ed      ;  1    749  0.1828
                                                            6
   14 00000004 8E 03           dcw              0x038e      ;  2    910  0.2221
                                                            7
   15 00000006 3B 04           dcw              0x043b      ;  3   1083  0.2644
                                                            0
   16 00000008 F0 04           dcw              0x04f0      ;  4   1264  0.3085
                                                            9
   17 0000000A AD 05           dcw              0x05ad      ;  5   1453  0.3547
                                                            4
   18 0000000C 70 06           dcw              0x0670      ;  6   1648  0.4023
                                                            4
   19 0000000E 37 07           dcw              0x0737      ;  7   1847  0.4509
                                                            3
   20 00000010 00 08           dcw              0x0800      ;  8   2048  0.5000
                                                            0
   21 00000012 C9 08           dcw              0x08c9      ;  9   2249  0.5490
                                                            7
   22 00000014 90 09           dcw              0x0990      ; 10   2448  0.5976
                                                            6
   23 00000016 53 0A           dcw              0x0a53      ; 11   2643  0.6452
                                                            6
   24 00000018 10 0B           dcw              0x0b10      ; 12   2832  0.6914
                                                            1
   25 0000001A C5 0B           dcw              0x0bc5      ; 13   3013  0.7356
                                                            0
   26 0000001C 72 0C           dcw              0x0c72      ; 14   3186  0.7778
                                                            3
   27 0000001E 13 0D           dcw              0x0d13      ; 15   3347  0.8171
                                                            4
   28 00000020 A8 0D           dcw              0x0da8      ; 16   3496  0.8535
                                                            2
   29 00000022 2F 0E           dcw              0x0e2f      ; 17   3631  0.8864
                                                            7
   30 00000024 A7 0E           dcw              0x0ea7      ; 18   3751  0.9157
                                                            7
   31 00000026 0E 0F           dcw              0x0f0e      ; 19   3854  0.9409
                                                            2
   32 00000028 64 0F           dcw              0x0f64      ; 20   3940  0.9619
                                                            1
   33 0000002A A8 0F           dcw              0x0fa8      ; 21   4008  0.9785
                                                            2
   34 0000002C D9 0F           dcw              0x0fd9      ; 22   4057  0.9904
                                                            8
   35 0000002E F6 0F           dcw              0x0ff6      ; 23   4086  0.9975



ARM Macro Assembler    Page 2 


                                                            6
   36 00000030 FF 0F           dcw              0x0fff      ; 24   4095  0.9997
                                                            6
   37 00000032 F6 0F           dcw              0x0ff6      ; 25   4086  0.9975
                                                            6
   38 00000034 D9 0F           dcw              0x0fd9      ; 26   4057  0.9904
                                                            8
   39 00000036 A8 0F           dcw              0x0fa8      ; 27   4008  0.9785
                                                            2
   40 00000038 64 0F           dcw              0x0f64      ; 28   3940  0.9619
                                                            1
   41 0000003A 0E 0F           dcw              0x0f0e      ; 29   3854  0.9409
                                                            2
   42 0000003C A7 0E           dcw              0x0ea7      ; 30   3751  0.9157
                                                            7
   43 0000003E 2F 0E           dcw              0x0e2f      ; 31   3631  0.8864
                                                            7
   44 00000040 A8 0D           dcw              0x0da8      ; 32   3496  0.8535
                                                            2
   45 00000042 13 0D           dcw              0x0d13      ; 33   3347  0.8171
                                                            4
   46 00000044 72 0C           dcw              0x0c72      ; 34   3186  0.7778
                                                            3
   47 00000046 C5 0B           dcw              0x0bc5      ; 35   3013  0.7356
                                                            0
   48 00000048 10 0B           dcw              0x0b10      ; 36   2832  0.6914
                                                            1
   49 0000004A 53 0A           dcw              0x0a53      ; 37   2643  0.6452
                                                            6
   50 0000004C 90 09           dcw              0x0990      ; 38   2448  0.5976
                                                            6
   51 0000004E C9 08           dcw              0x08c9      ; 39   2249  0.5490
                                                            7
   52 00000050 00 08           dcw              0x0800      ; 40   2048  0.5000
                                                            0
   53 00000052 37 07           dcw              0x0737      ; 41   1847  0.4509
                                                            3
   54 00000054 70 06           dcw              0x0670      ; 42   1648  0.4023
                                                            4
   55 00000056 AD 05           dcw              0x05ad      ; 43   1453  0.3547
                                                            4
   56 00000058 F0 04           dcw              0x04f0      ; 44   1264  0.3085
                                                            9
   57 0000005A 3B 04           dcw              0x043b      ; 45   1083  0.2644
                                                            0
   58 0000005C 8E 03           dcw              0x038e      ; 46    910  0.2221
                                                            7
   59 0000005E ED 02           dcw              0x02ed      ; 47    749  0.1828
                                                            6
   60 00000060 58 02           dcw              0x0258      ; 48    600  0.1464
                                                            8
   61 00000062 D1 01           dcw              0x01d1      ; 49    465  0.1135
                                                            3
   62 00000064 59 01           dcw              0x0159      ; 50    345  0.0842
                                                            3
   63 00000066 F2 00           dcw              0x00f2      ; 51    242  0.0590
                                                            8
   64 00000068 9C 00           dcw              0x009c      ; 52    156  0.0380
                                                            9



ARM Macro Assembler    Page 3 


   65 0000006A 58 00           dcw              0x0058      ; 53     88  0.0214
                                                            8
   66 0000006C 27 00           dcw              0x0027      ; 54     39  0.0095
                                                            2
   67 0000006E 0A 00           dcw              0x000a      ; 55     10  0.0024
                                                            4
   68 00000070 00 00           dcw              0x0000      ; 56      0  0.0000
                                                            0
   69 00000072 0A 00           dcw              0x000a      ; 57     10  0.0024
                                                            4
   70 00000074 27 00           dcw              0x0027      ; 58     39  0.0095
                                                            2
   71 00000076 58 00           dcw              0x0058      ; 59     88  0.0214
                                                            8
   72 00000078 9C 00           dcw              0x009c      ; 60    156  0.0380
                                                            9
   73 0000007A F2 00           dcw              0x00f2      ; 61    242  0.0590
                                                            8
   74 0000007C 59 01           dcw              0x0159      ; 62    345  0.0842
                                                            3
   75 0000007E D1 01           dcw              0x01d1      ; 63    465  0.1135
                                                            3
   76 00000080                 end
Command Line: --debug --xref --diag_suppress=9931 --cpu=Cortex-M3 --apcs=interw
ork --depend=.\obj\t03f1p135.d -o.\obj\t03f1p135.o -I.\RTE\_Simu -IC:\Keil_v5\A
RM\PACK\ARM\CMSIS\5.3.0\CMSIS\Include -IC:\Keil_v5\ARM\PACK\Keil\STM32F1xx_DFP\
2.2.0\Device\Include --predefine="__EVAL SETA 1" --predefine="__MICROLIB SETA 1
" --predefine="__UVISION_VERSION SETA 525" --predefine="_RTE_ SETA 1" --predefi
ne="STM32F10X_MD SETA 1" --list=t03f1p135.lst t03f1p135.asm



ARM Macro Assembler    Page 1 Alphabetic symbol ordering
Relocatable symbols

Signal 00000000

Symbol: Signal
   Definitions
      At line 1 in file t03f1p135.asm
   Uses
      None
Comment: Signal unused
TabSig 00000000

Symbol: TabSig
   Definitions
      At line 11 in file t03f1p135.asm
   Uses
      At line 2 in file t03f1p135.asm
Comment: TabSig used once
2 symbols
337 symbols in table
